[debug] [2023-04-09T17:06:27.026Z] ----------------------------------------------------------------------
[debug] [2023-04-09T17:06:27.027Z] Command:       /Users/maxhsu/.nvm/versions/node/v18.15.0/bin/node /usr/local/bin/firebase deploy
[debug] [2023-04-09T17:06:27.028Z] CLI Version:   11.24.1
[debug] [2023-04-09T17:06:27.028Z] Platform:      darwin
[debug] [2023-04-09T17:06:27.028Z] Node Version:  v18.15.0
[debug] [2023-04-09T17:06:27.034Z] Time:          Sun Apr 09 2023 10:06:27 GMT-0700 (Pacific Daylight Time)
[debug] [2023-04-09T17:06:27.034Z] ----------------------------------------------------------------------
[debug] 
[debug] [2023-04-09T17:06:27.096Z] > command requires scopes: ["email","openid","https://www.googleapis.com/auth/cloudplatformprojects.readonly","https://www.googleapis.com/auth/firebase","https://www.googleapis.com/auth/cloud-platform"]
[debug] [2023-04-09T17:06:27.097Z] > authorizing via signed-in user (maxhsu1@gmail.com)
[debug] [2023-04-09T17:06:27.097Z] [iam] checking project storymode-3427d for permissions ["firebase.projects.get","firebasehosting.sites.update"]
[debug] [2023-04-09T17:06:27.100Z] >>> [apiv2][query] POST https://cloudresourcemanager.googleapis.com/v1/projects/storymode-3427d:testIamPermissions [none]
[debug] [2023-04-09T17:06:27.100Z] >>> [apiv2][(partial)header] POST https://cloudresourcemanager.googleapis.com/v1/projects/storymode-3427d:testIamPermissions x-goog-quota-user=projects/storymode-3427d
[debug] [2023-04-09T17:06:27.100Z] >>> [apiv2][body] POST https://cloudresourcemanager.googleapis.com/v1/projects/storymode-3427d:testIamPermissions {"permissions":["firebase.projects.get","firebasehosting.sites.update"]}
[debug] [2023-04-09T17:06:27.404Z] <<< [apiv2][status] POST https://cloudresourcemanager.googleapis.com/v1/projects/storymode-3427d:testIamPermissions 200
[debug] [2023-04-09T17:06:27.404Z] <<< [apiv2][body] POST https://cloudresourcemanager.googleapis.com/v1/projects/storymode-3427d:testIamPermissions {"permissions":["firebase.projects.get","firebasehosting.sites.update"]}
[debug] [2023-04-09T17:06:27.405Z] >>> [apiv2][query] GET https://firebase.googleapis.com/v1beta1/projects/storymode-3427d [none]
[debug] [2023-04-09T17:06:27.739Z] <<< [apiv2][status] GET https://firebase.googleapis.com/v1beta1/projects/storymode-3427d 200
[debug] [2023-04-09T17:06:27.740Z] <<< [apiv2][body] GET https://firebase.googleapis.com/v1beta1/projects/storymode-3427d {"projectId":"storymode-3427d","projectNumber":"506291013940","displayName":"storymode","name":"projects/storymode-3427d","resources":{"hostingSite":"storymode-3427d","storageBucket":"storymode-3427d.appspot.com","locationId":"asia-east2"},"state":"ACTIVE","etag":"1_2455306f-303e-4783-ae37-7e5d6d7c5902"}
[debug] [2023-04-09T17:06:29.476Z] >>> [apiv2][query] GET https://firebasehosting.googleapis.com/v1beta1/projects/storymode-3427d/sites pageToken=&pageSize=10
[debug] [2023-04-09T17:06:30.103Z] <<< [apiv2][status] GET https://firebasehosting.googleapis.com/v1beta1/projects/storymode-3427d/sites 200
[debug] [2023-04-09T17:06:30.103Z] <<< [apiv2][body] GET https://firebasehosting.googleapis.com/v1beta1/projects/storymode-3427d/sites {"sites":[{"name":"projects/storymode-3427d/sites/storymode-3427d","defaultUrl":"https://storymode-3427d.web.app","type":"DEFAULT_SITE"}]}
[debug] [2023-04-09T17:06:30.103Z] >>> [apiv2][query] GET https://firebasehosting.googleapis.com/v1beta1/projects/storymode-3427d/sites 
[debug] [2023-04-09T17:06:30.740Z] <<< [apiv2][status] GET https://firebasehosting.googleapis.com/v1beta1/projects/storymode-3427d/sites 200
[debug] [2023-04-09T17:06:30.740Z] <<< [apiv2][body] GET https://firebasehosting.googleapis.com/v1beta1/projects/storymode-3427d/sites {"sites":[{"name":"projects/storymode-3427d/sites/storymode-3427d","defaultUrl":"https://storymode-3427d.web.app","type":"DEFAULT_SITE"}]}
[debug] [2023-04-09T17:06:30.741Z] >>> [apiv2][query] GET https://firebase.googleapis.com/v1beta1/projects/storymode-3427d/webApps/-/config [none]
[debug] [2023-04-09T17:06:31.500Z] <<< [apiv2][status] GET https://firebase.googleapis.com/v1beta1/projects/storymode-3427d/webApps/-/config 200
[debug] [2023-04-09T17:06:31.500Z] <<< [apiv2][body] GET https://firebase.googleapis.com/v1beta1/projects/storymode-3427d/webApps/-/config {"projectId":"storymode-3427d","appId":"1:506291013940:web:a291f532905ba85f927d61","storageBucket":"storymode-3427d.appspot.com","locationId":"asia-east2","apiKey":"AIzaSyA6terG0jvp_XqDI3NpiB3ZNEE1riWSTyA","authDomain":"storymode-3427d.firebaseapp.com","messagingSenderId":"506291013940","measurementId":"G-3YEQESN4EC"}
[debug] [2023-04-09T17:07:38.618Z] Error: Cannot find module for page: /add-post
    at Object.getPagePath (/Users/maxhsu/Desktop/projects/storymode/node_modules/next/dist/server/require.js:77:15)
    at /Users/maxhsu/Desktop/projects/storymode/node_modules/next/dist/build/index.js:1429:60
    at process.processTicksAndRejections (node:internal/process/task_queues:95:5)
    at async Span.traceAsyncFn (/Users/maxhsu/Desktop/projects/storymode/node_modules/next/dist/trace/trace.js:79:20)
    at async /Users/maxhsu/Desktop/projects/storymode/node_modules/next/dist/build/index.js:1280:17
    at async Span.traceAsyncFn (/Users/maxhsu/Desktop/projects/storymode/node_modules/next/dist/trace/trace.js:79:20)
    at async build (/Users/maxhsu/Desktop/projects/storymode/node_modules/next/dist/build/index.js:73:29)
    at async build (/usr/local/lib/node_modules/firebase-tools/lib/frameworks/next/index.js:55:5)
    at async prepareFrameworks (/usr/local/lib/node_modules/firebase-tools/lib/frameworks/index.js:261:108)
    at async deploy (/usr/local/lib/node_modules/firebase-tools/lib/deploy/index.js:53:13)
[error] 
[error] Error: An unexpected error has occurred.
